This is pdfTeX, Version 3.14159265-2.6-1.40.20 (TeX Live 2019/Debian) (preloaded format=pdflatex 2023.9.7)  27 OCT 2023 13:50
entering extended mode
 \write18 enabled.
 %&-line parsing enabled.
**introductionChap2.tex
(./introductionChap2.tex
LaTeX2e <2020-02-02> patch level 2
L3 programming layer <2020-02-14>
(/usr/share/texlive/texmf-dist/tex/latex/base/report.cls
Document Class: report 2019/12/20 v1.4l Standard LaTeX document class
(/usr/share/texlive/texmf-dist/tex/latex/base/size12.clo
File: size12.clo 2019/12/20 v1.4l Standard LaTeX file (size option)
)
\c@part=\count167
\c@chapter=\count168
\c@section=\count169
\c@subsection=\count170
\c@subsubsection=\count171
\c@paragraph=\count172
\c@subparagraph=\count173
\c@figure=\count174
\c@table=\count175
\abovecaptionskip=\skip47
\belowcaptionskip=\skip48
\bibindent=\dimen134
)
(/usr/share/texlive/texmf-dist/tex/latex/graphics/graphics.sty
Package: graphics 2019/11/30 v1.4a Standard LaTeX Graphics (DPC,SPQR)

(/usr/share/texlive/texmf-dist/tex/latex/graphics/trig.sty
Package: trig 2016/01/03 v1.10 sin cos tan (DPC)
)
(/usr/share/texlive/texmf-dist/tex/latex/graphics-cfg/graphics.cfg
File: graphics.cfg 2016/06/04 v1.11 sample graphics configuration
)
Package graphics Info: Driver file: pdftex.def on input line 105.

(/usr/share/texlive/texmf-dist/tex/latex/graphics-def/pdftex.def
File: pdftex.def 2018/01/08 v1.0l Graphics/color driver for pdftex
))
(/usr/share/texlive/texmf-dist/tex/latex/graphics/graphicx.sty
Package: graphicx 2019/11/30 v1.2a Enhanced LaTeX Graphics (DPC,SPQR)

(/usr/share/texlive/texmf-dist/tex/latex/graphics/keyval.sty
Package: keyval 2014/10/28 v1.15 key=value parser (DPC)
\KV@toks@=\toks14
)
\Gin@req@height=\dimen135
\Gin@req@width=\dimen136
)
(/usr/share/texlive/texmf-dist/tex/latex/amsmath/amsmath.sty
Package: amsmath 2020/01/20 v2.17e AMS math features
\@mathmargin=\skip49

For additional information on amsmath, use the `?' option.
(/usr/share/texlive/texmf-dist/tex/latex/amsmath/amstext.sty
Package: amstext 2000/06/29 v2.01 AMS text

(/usr/share/texlive/texmf-dist/tex/latex/amsmath/amsgen.sty
File: amsgen.sty 1999/11/30 v2.0 generic functions
\@emptytoks=\toks15
\ex@=\dimen137
))
(/usr/share/texlive/texmf-dist/tex/latex/amsmath/amsbsy.sty
Package: amsbsy 1999/11/29 v1.2d Bold Symbols
\pmbraise@=\dimen138
)
(/usr/share/texlive/texmf-dist/tex/latex/amsmath/amsopn.sty
Package: amsopn 2016/03/08 v2.02 operator names
)
\inf@bad=\count176
LaTeX Info: Redefining \frac on input line 227.
\uproot@=\count177
\leftroot@=\count178
LaTeX Info: Redefining \overline on input line 389.
\classnum@=\count179
\DOTSCASE@=\count180
LaTeX Info: Redefining \ldots on input line 486.
LaTeX Info: Redefining \dots on input line 489.
LaTeX Info: Redefining \cdots on input line 610.
\Mathstrutbox@=\box45
\strutbox@=\box46
\big@size=\dimen139
LaTeX Font Info:    Redeclaring font encoding OML on input line 733.
LaTeX Font Info:    Redeclaring font encoding OMS on input line 734.
\macc@depth=\count181
\c@MaxMatrixCols=\count182
\dotsspace@=\muskip16
\c@parentequation=\count183
\dspbrk@lvl=\count184
\tag@help=\toks16
\row@=\count185
\column@=\count186
\maxfields@=\count187
\andhelp@=\toks17
\eqnshift@=\dimen140
\alignsep@=\dimen141
\tagshift@=\dimen142
\tagwidth@=\dimen143
\totwidth@=\dimen144
\lineht@=\dimen145
\@envbody=\toks18
\multlinegap=\skip50
\multlinetaggap=\skip51
\mathdisplay@stack=\toks19
LaTeX Info: Redefining \[ on input line 2859.
LaTeX Info: Redefining \] on input line 2860.
)
(/usr/share/texlive/texmf-dist/tex/generic/babel/babel.sty
Package: babel 2020/02/14 3.40 The Babel package

(/usr/share/texlive/texmf-dist/tex/generic/babel/switch.def
File: switch.def 2020/02/14 3.40 Babel switching mechanism
)
(/usr/share/texlive/texmf-dist/tex/generic/babel-english/english.ldf
Language: english 2017/06/06 v3.3r English support from the babel system

(/usr/share/texlive/texmf-dist/tex/generic/babel/babel.def
File: babel.def 2020/02/14 3.40 Babel common definitions
\babel@savecnt=\count188
\U@D=\dimen146

(/usr/share/texlive/texmf-dist/tex/generic/babel/txtbabel.def)
\bbl@readstream=\read2
\bbl@dirlevel=\count189
)
Package babel Info: \l@canadian = using hyphenrules for english
(babel)             (\language0) on input line 102.
Package babel Info: \l@australian = using hyphenrules for ukenglish
(babel)             (\language52) on input line 105.
Package babel Info: \l@newzealand = using hyphenrules for ukenglish
(babel)             (\language52) on input line 108.
))
(/usr/share/texlive/texmf-dist/tex/latex/geometry/geometry.sty
Package: geometry 2020/01/02 v5.9 Page Geometry

(/usr/share/texlive/texmf-dist/tex/generic/iftex/ifvtex.sty
Package: ifvtex 2019/10/25 v1.7 ifvtex legacy package. Use iftex instead.

(/usr/share/texlive/texmf-dist/tex/generic/iftex/iftex.sty
Package: iftex 2019/11/07 v1.0c TeX engine tests
))
\Gm@cnth=\count190
\Gm@cntv=\count191
\c@Gm@tempcnt=\count192
\Gm@bindingoffset=\dimen147
\Gm@wd@mp=\dimen148
\Gm@odd@mp=\dimen149
\Gm@even@mp=\dimen150
\Gm@layoutwidth=\dimen151
\Gm@layoutheight=\dimen152
\Gm@layouthoffset=\dimen153
\Gm@layoutvoffset=\dimen154
\Gm@dimlist=\toks20
)
(/usr/share/texlive/texmf-dist/tex/latex/hyperref/hyperref.sty
Package: hyperref 2020/01/14 v7.00d Hypertext links for LaTeX

(/usr/share/texlive/texmf-dist/tex/generic/ltxcmds/ltxcmds.sty
Package: ltxcmds 2019/12/15 v1.24 LaTeX kernel commands for general use (HO)
)
(/usr/share/texlive/texmf-dist/tex/latex/pdftexcmds/pdftexcmds.sty
Package: pdftexcmds 2019/11/24 v0.31 Utility functions of pdfTeX for LuaTeX (HO
)

(/usr/share/texlive/texmf-dist/tex/generic/infwarerr/infwarerr.sty
Package: infwarerr 2019/12/03 v1.5 Providing info/warning/error messages (HO)
)
Package pdftexcmds Info: \pdf@primitive is available.
Package pdftexcmds Info: \pdf@ifprimitive is available.
Package pdftexcmds Info: \pdfdraftmode found.
)
(/usr/share/texlive/texmf-dist/tex/generic/kvsetkeys/kvsetkeys.sty
Package: kvsetkeys 2019/12/15 v1.18 Key value parser (HO)
)
(/usr/share/texlive/texmf-dist/tex/generic/kvdefinekeys/kvdefinekeys.sty
Package: kvdefinekeys 2019-12-19 v1.6 Define keys (HO)
)
(/usr/share/texlive/texmf-dist/tex/generic/pdfescape/pdfescape.sty
Package: pdfescape 2019/12/09 v1.15 Implements pdfTeX's escape features (HO)
)
(/usr/share/texlive/texmf-dist/tex/latex/hycolor/hycolor.sty
Package: hycolor 2020-01-27 v1.10 Color options for hyperref/bookmark (HO)
)
(/usr/share/texlive/texmf-dist/tex/latex/letltxmacro/letltxmacro.sty
Package: letltxmacro 2019/12/03 v1.6 Let assignment for LaTeX macros (HO)
)
(/usr/share/texlive/texmf-dist/tex/latex/auxhook/auxhook.sty
Package: auxhook 2019-12-17 v1.6 Hooks for auxiliary files (HO)
)
(/usr/share/texlive/texmf-dist/tex/latex/kvoptions/kvoptions.sty
Package: kvoptions 2019/11/29 v3.13 Key value format for package options (HO)
)
\@linkdim=\dimen155
\Hy@linkcounter=\count193
\Hy@pagecounter=\count194

(/usr/share/texlive/texmf-dist/tex/latex/hyperref/pd1enc.def
File: pd1enc.def 2020/01/14 v7.00d Hyperref: PDFDocEncoding definition (HO)
Now handling font encoding PD1 ...
... no UTF-8 mapping file for font encoding PD1
)
(/usr/share/texlive/texmf-dist/tex/generic/intcalc/intcalc.sty
Package: intcalc 2019/12/15 v1.3 Expandable calculations with integers (HO)
)
(/usr/share/texlive/texmf-dist/tex/generic/etexcmds/etexcmds.sty
Package: etexcmds 2019/12/15 v1.7 Avoid name clashes with e-TeX commands (HO)
)
\Hy@SavedSpaceFactor=\count195
\pdfmajorversion=\count196
Package hyperref Info: Hyper figures OFF on input line 4547.
Package hyperref Info: Link nesting OFF on input line 4552.
Package hyperref Info: Hyper index ON on input line 4555.
Package hyperref Info: Plain pages OFF on input line 4562.
Package hyperref Info: Backreferencing OFF on input line 4567.
Package hyperref Info: Implicit mode ON; LaTeX internals redefined.
Package hyperref Info: Bookmarks ON on input line 4800.
\c@Hy@tempcnt=\count197

(/usr/share/texlive/texmf-dist/tex/latex/url/url.sty
\Urlmuskip=\muskip17
Package: url 2013/09/16  ver 3.4  Verb mode for urls, etc.
)
LaTeX Info: Redefining \url on input line 5159.
\XeTeXLinkMargin=\dimen156

(/usr/share/texlive/texmf-dist/tex/generic/bitset/bitset.sty
Package: bitset 2019/12/09 v1.3 Handle bit-vector datatype (HO)

(/usr/share/texlive/texmf-dist/tex/generic/bigintcalc/bigintcalc.sty
Package: bigintcalc 2019/12/15 v1.5 Expandable calculations on big integers (HO
)
))
\Fld@menulength=\count198
\Field@Width=\dimen157
\Fld@charsize=\dimen158
Package hyperref Info: Hyper figures OFF on input line 6430.
Package hyperref Info: Link nesting OFF on input line 6435.
Package hyperref Info: Hyper index ON on input line 6438.
Package hyperref Info: backreferencing OFF on input line 6445.
Package hyperref Info: Link coloring OFF on input line 6450.
Package hyperref Info: Link coloring with OCG OFF on input line 6455.
Package hyperref Info: PDF/A mode OFF on input line 6460.
LaTeX Info: Redefining \ref on input line 6500.
LaTeX Info: Redefining \pageref on input line 6504.

(/usr/share/texlive/texmf-dist/tex/generic/atbegshi/atbegshi.sty
Package: atbegshi 2019/12/05 v1.19 At begin shipout hook (HO)
)
\Hy@abspage=\count199
\c@Item=\count266
\c@Hfootnote=\count267
)
Package hyperref Info: Driver (autodetected): hpdftex.

(/usr/share/texlive/texmf-dist/tex/latex/hyperref/hpdftex.def
File: hpdftex.def 2020/01/14 v7.00d Hyperref driver for pdfTeX

(/usr/share/texlive/texmf-dist/tex/latex/atveryend/atveryend.sty
Package: atveryend 2019-12-11 v1.11 Hooks at the very end of document (HO)
Package atveryend Info: \enddocument detected (standard20110627).
)
\Fld@listcount=\count268
\c@bookmark@seq@number=\count269

(/usr/share/texlive/texmf-dist/tex/latex/rerunfilecheck/rerunfilecheck.sty
Package: rerunfilecheck 2019/12/05 v1.9 Rerun checks for auxiliary files (HO)

(/usr/share/texlive/texmf-dist/tex/generic/uniquecounter/uniquecounter.sty
Package: uniquecounter 2019/12/15 v1.4 Provide unlimited unique counter (HO)
)
Package uniquecounter Info: New unique counter `rerunfilecheck' on input line 2
86.
)
\Hy@SectionHShift=\skip52
)
(/usr/share/texlive/texmf-dist/tex/latex/tools/array.sty
Package: array 2019/08/31 v2.4l Tabular extension package (FMi)
\col@sep=\dimen159
\ar@mcellbox=\box47
\extrarowheight=\dimen160
\NC@list=\toks21
\extratabsurround=\skip53
\backup@length=\skip54
\ar@cellbox=\box48
)
(/usr/share/texlive/texmf-dist/tex/latex/booktabs/booktabs.sty
Package: booktabs 2020/01/12 v1.61803398 Publication quality tables
\heavyrulewidth=\dimen161
\lightrulewidth=\dimen162
\cmidrulewidth=\dimen163
\belowrulesep=\dimen164
\belowbottomsep=\dimen165
\aboverulesep=\dimen166
\abovetopsep=\dimen167
\cmidrulesep=\dimen168
\cmidrulekern=\dimen169
\defaultaddspace=\dimen170
\@cmidla=\count270
\@cmidlb=\count271
\@aboverulesep=\dimen171
\@belowrulesep=\dimen172
\@thisruleclass=\count272
\@lastruleclass=\count273
\@thisrulewidth=\dimen173
)
(/usr/share/texlive/texmf-dist/tex/latex/base/inputenc.sty
Package: inputenc 2018/08/11 v1.3c Input encoding file
\inpenc@prehook=\toks22
\inpenc@posthook=\toks23
)
(/usr/share/texlive/texmf-dist/tex/latex/listings/listings.sty
\lst@mode=\count274
\lst@gtempboxa=\box49
\lst@token=\toks24
\lst@length=\count275
\lst@currlwidth=\dimen174
\lst@column=\count276
\lst@pos=\count277
\lst@lostspace=\dimen175
\lst@width=\dimen176
\lst@newlines=\count278
\lst@lineno=\count279
\lst@maxwidth=\dimen177

(/usr/share/texlive/texmf-dist/tex/latex/listings/lstmisc.sty
File: lstmisc.sty 2019/09/10 1.8c (Carsten Heinz)
\c@lstnumber=\count280
\lst@skipnumbers=\count281
\lst@framebox=\box50
)
(/usr/share/texlive/texmf-dist/tex/latex/listings/listings.cfg
File: listings.cfg 2019/09/10 1.8c listings configuration
))
Package: listings 2019/09/10 1.8c (Carsten Heinz)

(/usr/share/texlive/texmf-dist/tex/latex/minted/minted.sty
Package: minted 2017/07/19 v2.5 Yet another Pygments shim for LaTeX

(/usr/share/texlive/texmf-dist/tex/latex/fvextra/fvextra.sty
Package: fvextra 2019/02/04 v1.4 fvextra - extensions and patches for fancyvrb

(/usr/share/texlive/texmf-dist/tex/latex/base/ifthen.sty
Package: ifthen 2014/09/29 v1.1c Standard LaTeX ifthen package (DPC)
)
(/usr/share/texlive/texmf-dist/tex/latex/etoolbox/etoolbox.sty
Package: etoolbox 2019/09/21 v2.5h e-TeX tools for LaTeX (JAW)
\etb@tempcnta=\count282
)
(/usr/share/texlive/texmf-dist/tex/latex/fancyvrb/fancyvrb.sty
Package: fancyvrb 2020/01/13 v3.5 verbatim text (tvz,hv)
\FV@CodeLineNo=\count283
\FV@InFile=\read3
\FV@TabBox=\box51
\c@FancyVerbLine=\count284
\FV@StepNumber=\count285
\FV@OutFile=\write3
)
(/usr/share/texlive/texmf-dist/tex/latex/upquote/upquote.sty
Package: upquote 2012/04/19 v1.3 upright-quote and grave-accent glyphs in verba
tim
)
(/usr/share/texlive/texmf-dist/tex/latex/lineno/lineno.sty
Package: lineno 2005/11/02 line numbers on paragraphs v4.41
\linenopenalty=\count286
\output=\toks25
\linenoprevgraf=\count287
\linenumbersep=\dimen178
\linenumberwidth=\dimen179
\c@linenumber=\count288
\c@pagewiselinenumber=\count289
\c@LN@truepage=\count290
\c@internallinenumber=\count291
\c@internallinenumbers=\count292
\quotelinenumbersep=\dimen180
\bframerule=\dimen181
\bframesep=\dimen182
\bframebox=\box52
LaTeX Info: Redefining \\ on input line 3056.
)
\c@FV@TrueTabGroupLevel=\count293
\c@FV@TrueTabCounter=\count294
\FV@TabBox@Group=\box53
\FV@TmpLength=\skip55
\c@FV@HighlightLinesStart=\count295
\c@FV@HighlightLinesStop=\count296
\FV@LoopCount=\count297
\FV@NCharsBox=\box54
\FV@BreakIndent=\dimen183
\FV@BreakIndentNChars=\count298
\FV@BreakSymbolSepLeft=\dimen184
\FV@BreakSymbolSepLeftNChars=\count299
\FV@BreakSymbolSepRight=\dimen185
\FV@BreakSymbolSepRightNChars=\count300
\FV@BreakSymbolIndentLeft=\dimen186
\FV@BreakSymbolIndentLeftNChars=\count301
\FV@BreakSymbolIndentRight=\dimen187
\FV@BreakSymbolIndentRightNChars=\count302
\c@FancyVerbLineBreakLast=\count303
\FV@LineBox=\box55
\FV@LineIndentBox=\box56
\FV@LineWidth=\dimen188
)
(/usr/share/texlive/texmf-dist/tex/latex/tools/calc.sty
Package: calc 2017/05/25 v4.3 Infix arithmetic (KKT,FJ)
\calc@Acount=\count304
\calc@Bcount=\count305
\calc@Adimen=\dimen189
\calc@Bdimen=\dimen190
\calc@Askip=\skip56
\calc@Bskip=\skip57
LaTeX Info: Redefining \setlength on input line 80.
LaTeX Info: Redefining \addtolength on input line 81.
\calc@Ccount=\count306
\calc@Cskip=\skip58
)
(/usr/share/texlive/texmf-dist/tex/latex/tools/shellesc.sty
Package: shellesc 2019/11/08 v1.0c unified shell escape interface for LaTeX
Package shellesc Info: Unrestricted shell escape enabled on input line 75.
)
(/usr/share/texlive/texmf-dist/tex/latex/ifplatform/ifplatform.sty
Package: ifplatform 2017/10/13 v0.4a Testing for the operating system

(/usr/share/texlive/texmf-dist/tex/generic/catchfile/catchfile.sty
Package: catchfile 2019/12/09 v1.8 Catch the contents of a file (HO)
)
(/usr/share/texlive/texmf-dist/tex/generic/iftex/ifluatex.sty
Package: ifluatex 2019/10/25 v1.5 ifluatex legacy package. Use iftex instead.
)
runsystem(uname -s > "introductionChap2.w18")...executed.


(./introductionChap2.w18)
runsystem(rm -- "introductionChap2.w18")...executed.

)
(/usr/share/texlive/texmf-dist/tex/generic/xstring/xstring.sty
(/usr/share/texlive/texmf-dist/tex/generic/xstring/xstring.tex
\integerpart=\count307
\decimalpart=\count308
)
Package: xstring 2019/02/06 v1.83 String manipulations (CT)
)
(/usr/share/texlive/texmf-dist/tex/latex/framed/framed.sty
Package: framed 2011/10/22 v 0.96: framed or shaded text with page breaks
\OuterFrameSep=\skip59
\fb@frw=\dimen191
\fb@frh=\dimen192
\FrameRule=\dimen193
\FrameSep=\dimen194
)
(/usr/share/texlive/texmf-dist/tex/latex/float/float.sty
Package: float 2001/11/08 v1.3d Float enhancements (AL)
\c@float@type=\count309
\float@exts=\toks26
\float@box=\box57
\@float@everytoks=\toks27
\@floatcapt=\box58
)
\minted@appexistsfile=\read4
\minted@bgbox=\box59
\minted@code=\write4
\c@minted@FancyVerbLineTemp=\count310
\c@minted@pygmentizecounter=\count311
\@float@every@listing=\toks28
\c@listing=\count312
)
runsystem(mkdir -p _minted-introductionChap2)...executed.


(/usr/share/texlive/texmf-dist/tex/latex/xcolor/xcolor.sty
Package: xcolor 2016/05/11 v2.12 LaTeX color extensions (UK)

(/usr/share/texlive/texmf-dist/tex/latex/graphics-cfg/color.cfg
File: color.cfg 2016/01/02 v1.6 sample color configuration
)
Package xcolor Info: Driver file: pdftex.def on input line 225.

(/usr/share/texlive/texmf-dist/tex/latex/colortbl/colortbl.sty
Package: colortbl 2020/01/04 v1.0e Color table columns (DPC)
\everycr=\toks29
\minrowclearance=\skip60
)
\rownum=\count313
Package xcolor Info: Model `cmy' substituted by `cmy0' on input line 1348.
Package xcolor Info: Model `hsb' substituted by `rgb' on input line 1352.
Package xcolor Info: Model `RGB' extended on input line 1364.
Package xcolor Info: Model `HTML' substituted by `rgb' on input line 1366.
Package xcolor Info: Model `Hsb' substituted by `hsb' on input line 1367.
Package xcolor Info: Model `tHsb' substituted by `hsb' on input line 1368.
Package xcolor Info: Model `HSB' substituted by `hsb' on input line 1369.
Package xcolor Info: Model `Gray' substituted by `gray' on input line 1370.
Package xcolor Info: Model `wave' substituted by `hsb' on input line 1371.
)
(/usr/share/texlive/texmf-dist/tex/latex/enumitem/enumitem.sty
Package: enumitem 2019/06/20 v3.9 Customized lists
\labelindent=\skip61
\enit@outerparindent=\dimen195
\enit@toks=\toks30
\enit@inbox=\box60
\enit@count@id=\count314
\enitdp@description=\count315
)
(/usr/share/texlive/texmf-dist/tex/latex/csquotes/csquotes.sty
Package: csquotes 2019-12-06 v5.2j context-sensitive quotations (JAW)
\csq@reset=\count316
\csq@gtype=\count317
\csq@glevel=\count318
\csq@qlevel=\count319
\csq@maxlvl=\count320
\csq@tshold=\count321
\csq@ltx@everypar=\toks31

(/usr/share/texlive/texmf-dist/tex/latex/csquotes/csquotes.def
File: csquotes.def 2019-12-06 v5.2j csquotes generic definitions (JAW)
)
Package csquotes Info: Trying to load configuration file 'csquotes.cfg'...
Package csquotes Info: ... configuration file loaded successfully.

(/usr/share/texlive/texmf-dist/tex/latex/csquotes/csquotes.cfg
File: csquotes.cfg 
))
(/usr/share/texlive/texmf-dist/tex/latex/tools/longtable.sty
Package: longtable 2020/01/07 v4.13 Multi-page Table package (DPC)
\LTleft=\skip62
\LTright=\skip63
\LTpre=\skip64
\LTpost=\skip65
\LTchunksize=\count322
\LTcapwidth=\dimen196
\LT@head=\box61
\LT@firsthead=\box62
\LT@foot=\box63
\LT@lastfoot=\box64
\LT@cols=\count323
\LT@rows=\count324
\c@LT@tables=\count325
\c@LT@chunks=\count326
\LT@p@ftn=\toks32
)
(/usr/share/texlive/texmf-dist/tex/latex/caption/caption.sty
Package: caption 2020/01/03 v3.4h Customizing captions (AR)

(/usr/share/texlive/texmf-dist/tex/latex/caption/caption3.sty
Package: caption3 2020/01/03 v1.8h caption3 kernel (AR)
Package caption3 Info: TeX engine: e-TeX on input line 61.
\captionmargin=\dimen197
\captionmargin@=\dimen198
\captionwidth=\dimen199
\caption@tempdima=\dimen256
\caption@indent=\dimen257
\caption@parindent=\dimen258
\caption@hangindent=\dimen259
Package caption Info: Standard document class detected.
)
\c@caption@flags=\count327
\c@continuedfloat=\count328
Package caption Info: float package is loaded.
Package caption Info: hyperref package is loaded.
Package caption Info: listings package is loaded.
Package caption Info: longtable package is loaded.

(/usr/share/texlive/texmf-dist/tex/latex/caption/ltcaption.sty
Package: ltcaption 2018/08/26 v1.4a longtable captions (AR)
))
(/usr/share/texlive/texmf-dist/tex/latex/multirow/multirow.sty
Package: multirow 2019/05/31 v2.5 Span multiple rows of a table
\multirow@colwidth=\skip66
\multirow@cntb=\count329
\multirow@dima=\skip67
\bigstrutjot=\dimen260
)
(/usr/share/texlive/texmf-dist/tex/latex/tools/multicol.sty
Package: multicol 2019/12/09 v1.8y multicolumn formatting (FMi)
\c@tracingmulticols=\count330
\mult@box=\box65
\multicol@leftmargin=\dimen261
\c@unbalance=\count331
\c@collectmore=\count332
\doublecol@number=\count333
\multicoltolerance=\count334
\multicolpretolerance=\count335
\full@width=\dimen262
\page@free=\dimen263
\premulticols=\dimen264
\postmulticols=\dimen265
\multicolsep=\skip68
\multicolbaselineskip=\skip69
\partial@page=\box66
\last@line=\box67
\maxbalancingoverflow=\dimen266
\mult@rightbox=\box68
\mult@grightbox=\box69
\mult@gfirstbox=\box70
\mult@firstbox=\box71
\@tempa=\box72
\@tempa=\box73
\@tempa=\box74
\@tempa=\box75
\@tempa=\box76
\@tempa=\box77
\@tempa=\box78
\@tempa=\box79
\@tempa=\box80
\@tempa=\box81
\@tempa=\box82
\@tempa=\box83
\@tempa=\box84
\@tempa=\box85
\@tempa=\box86
\@tempa=\box87
\@tempa=\box88
\@tempa=\box89
\@tempa=\box90
\@tempa=\box91
\@tempa=\box92
\@tempa=\box93
\@tempa=\box94
\@tempa=\box95
\@tempa=\box96
\@tempa=\box97
\@tempa=\box98
\@tempa=\box99
\@tempa=\box100
\@tempa=\box101
\@tempa=\box102
\@tempa=\box103
\@tempa=\box104
\@tempa=\box105
\@tempa=\box106
\@tempa=\box107
\@tempa=\box108
\c@minrows=\count336
\c@columnbadness=\count337
\c@finalcolumnbadness=\count338
\last@try=\dimen267
\multicolovershoot=\dimen268
\multicolundershoot=\dimen269
\mult@nat@firstbox=\box109
\colbreak@box=\box110
\mc@col@check@num=\count339
)
(/usr/share/texlive/texmf-dist/tex/latex/listings/lstlang1.sty
File: lstlang1.sty 2019/09/10 1.8c listings language file
)
runsystem(which pygmentize && touch introductionChap2.aex)...executed.

runsystem(rm introductionChap2.aex)...executed.

Package csquotes Info: Checking for multilingual support...
Package csquotes Info: ... found 'babel' package.
Package csquotes Info: Adjusting default style.
Package csquotes Info: Redefining alias 'default' -> 'english'.

(/usr/share/texlive/texmf-dist/tex/latex/l3backend/l3backend-pdfmode.def
File: l3backend-pdfmode.def 2020-02-03 L3 backend support: PDF mode
\l__kernel_color_stack_int=\count340
\l__pdf_internal_box=\box111
)
(./introductionChap2.aux)
\openout1 = `introductionChap2.aux'.

LaTeX Font Info:    Checking defaults for OML/cmm/m/it on input line 72.
LaTeX Font Info:    ... okay on input line 72.
LaTeX Font Info:    Checking defaults for OMS/cmsy/m/n on input line 72.
LaTeX Font Info:    ... okay on input line 72.
LaTeX Font Info:    Checking defaults for OT1/cmr/m/n on input line 72.
LaTeX Font Info:    ... okay on input line 72.
LaTeX Font Info:    Checking defaults for T1/cmr/m/n on input line 72.
LaTeX Font Info:    ... okay on input line 72.
LaTeX Font Info:    Checking defaults for TS1/cmr/m/n on input line 72.
LaTeX Font Info:    ... okay on input line 72.
LaTeX Font Info:    Checking defaults for OMX/cmex/m/n on input line 72.
LaTeX Font Info:    ... okay on input line 72.
LaTeX Font Info:    Checking defaults for U/cmr/m/n on input line 72.
LaTeX Font Info:    ... okay on input line 72.
LaTeX Font Info:    Checking defaults for PD1/pdf/m/n on input line 72.
LaTeX Font Info:    ... okay on input line 72.

(/usr/share/texlive/texmf-dist/tex/context/base/mkii/supp-pdf.mkii
[Loading MPS to PDF converter (version 2006.09.02).]
\scratchcounter=\count341
\scratchdimen=\dimen270
\scratchbox=\box112
\nofMPsegments=\count342
\nofMParguments=\count343
\everyMPshowfont=\toks33
\MPscratchCnt=\count344
\MPscratchDim=\dimen271
\MPnumerator=\count345
\makeMPintoPDFobject=\count346
\everyMPtoPDFconversion=\toks34
) (/usr/share/texlive/texmf-dist/tex/latex/epstopdf-pkg/epstopdf-base.sty
Package: epstopdf-base 2020-01-24 v2.11 Base part for package epstopdf
Package epstopdf-base Info: Redefining graphics rule for `.eps' on input line 4
85.

(/usr/share/texlive/texmf-dist/tex/latex/latexconfig/epstopdf-sys.cfg
File: epstopdf-sys.cfg 2010/07/13 v1.3 Configuration of (r)epstopdf for TeX Liv
e
))
*geometry* driver: auto-detecting
*geometry* detected driver: pdftex
*geometry* verbose mode - [ preamble ] result:
* driver: pdftex
* paper: a4paper
* layout: <same size as paper>
* layoutoffset:(h,v)=(0.0pt,0.0pt)
* modes: 
* h-part:(L,W,R)=(71.13188pt, 455.24411pt, 71.13188pt)
* v-part:(T,H,B)=(71.13188pt, 702.78308pt, 71.13188pt)
* \paperwidth=597.50787pt
* \paperheight=845.04684pt
* \textwidth=455.24411pt
* \textheight=702.78308pt
* \oddsidemargin=-1.1381pt
* \evensidemargin=-1.1381pt
* \topmargin=-38.1381pt
* \headheight=12.0pt
* \headsep=25.0pt
* \topskip=12.0pt
* \footskip=30.0pt
* \marginparwidth=35.0pt
* \marginparsep=10.0pt
* \columnsep=10.0pt
* \skip\footins=10.8pt plus 4.0pt minus 2.0pt
* \hoffset=0.0pt
* \voffset=0.0pt
* \mag=1000
* \@twocolumnfalse
* \@twosidefalse
* \@mparswitchfalse
* \@reversemarginfalse
* (1in=72.27pt=25.4mm, 1cm=28.453pt)

\AtBeginShipoutBox=\box113
Package hyperref Info: Link coloring OFF on input line 72.
(/usr/share/texlive/texmf-dist/tex/latex/hyperref/nameref.sty
Package: nameref 2019/09/16 v2.46 Cross-referencing by name of section

(/usr/share/texlive/texmf-dist/tex/latex/refcount/refcount.sty
Package: refcount 2019/12/15 v3.6 Data extraction from label references (HO)
)
(/usr/share/texlive/texmf-dist/tex/generic/gettitlestring/gettitlestring.sty
Package: gettitlestring 2019/12/15 v1.6 Cleanup title references (HO)
)
\c@section@level=\count347
)
LaTeX Info: Redefining \ref on input line 72.
LaTeX Info: Redefining \pageref on input line 72.
LaTeX Info: Redefining \nameref on input line 72.

(./introductionChap2.out) (./introductionChap2.out)
\@outlinefile=\write5
\openout5 = `introductionChap2.out'.


(/usr/share/texlive/texmf-dist/tex/latex/base/textcomp.sty
Package: textcomp 2020/02/02 v2.0n Standard LaTeX package
)
\c@lstlisting=\count348
Package caption Info: Begin \AtBeginDocument code.
Package caption Info: End \AtBeginDocument code.
<../../../../Latex Projects/ucb.jpeg, id=168, 225.84375pt x 225.84375pt>
File: ../../../../Latex Projects/ucb.jpeg Graphic file (type jpg)
<use ../../../../Latex Projects/ucb.jpeg>
Package pdftex.def Info: ../../../../Latex Projects/ucb.jpeg  used on input lin
e 79.
(pdftex.def)             Requested size: 113.81412pt x 113.81412pt.

Overfull \hbox (8.18814pt too wide) in paragraph at lines 86--91
   [] 
 []


Overfull \hbox (3.0pt too wide) in paragraph at lines 99--123
 []
 []

[1

{/var/lib/texmf/fonts/map/pdftex/updmap/pdftex.map} <../../../../Latex Projects
/ucb.jpeg>] (./introductionChap2.tocpdfTeX warning (ext4): destination with the
 same identifier (name{page.1}) has been already used, duplicate ignored
<to be read again> 
                   \relax 
l.54 ...uantitative feature}{47}{subsection.2.5.2}
                                                  % [1

])
\tf@toc=\write6
\openout6 = `introductionChap2.toc'.

 [2]
(./introductionChap2.lof)
\tf@lof=\write7
\openout7 = `introductionChap2.lof'.

 [3

] (./introductionChap2.lot)
\tf@lot=\write8
\openout8 = `introductionChap2.lot'.

 [4

]
Underfull \hbox (badness 10000) in paragraph at lines 140--142

 []


Underfull \hbox (badness 10000) in paragraph at lines 143--145

 []

[5

] [6] [7] [8]
Chapter 1.
[9

]
Underfull \hbox (badness 10000) in paragraph at lines 238--240

 []

[10]
Underfull \hbox (badness 10000) in paragraph at lines 247--253

 []


Underfull \hbox (badness 10000) in paragraph at lines 254--256

 []


Underfull \hbox (badness 10000) in paragraph at lines 257--259

 []

[11]
Underfull \hbox (badness 10000) in paragraph at lines 260--262

 []

[12]
<Images/mobileMarket.png, id=397, 761.84625pt x 450.68375pt>
File: Images/mobileMarket.png Graphic file (type png)
<use Images/mobileMarket.png>
Package pdftex.def Info: Images/mobileMarket.png  used on input line 270.
(pdftex.def)             Requested size: 455.24411pt x 269.30515pt.

Underfull \hbox (badness 10000) in paragraph at lines 266--276

 []

[13 <./Images/mobileMarket.png>]
<Images/SMSgateway.png, id=409, 826.08624pt x 441.65pt>
File: Images/SMSgateway.png Graphic file (type png)
<use Images/SMSgateway.png>
Package pdftex.def Info: Images/SMSgateway.png  used on input line 292.
(pdftex.def)             Requested size: 455.24411pt x 243.38672pt.
 [14 <./Images/SMSgateway.png>] [15]
Chapter 2.

Underfull \hbox (badness 10000) in paragraph at lines 319--321

 []


Underfull \hbox (badness 10000) in paragraph at lines 326--327

 []

[16

]
Underfull \hbox (badness 10000) in paragraph at lines 334--335

 []


Underfull \hbox (badness 10000) in paragraph at lines 341--342

 []


Overfull \hbox (1.13829pt too wide) in paragraph at lines 347--348
[]\OT1/cmr/m/n/12 The re-searchers ap-plied three dif-fer-ent ma-chine learn-in
g meth-ods to this dataset. Among
 []


Overfull \hbox (3.70718pt too wide) in paragraph at lines 347--348
\OT1/cmr/m/n/12 these meth-ods, it was ob-served that the \OT1/cmr/m/it/12 Sup-
port Vec-tor Ma-chine (SVM) \OT1/cmr/m/n/12 al-go-rithm achieved
 []


Underfull \hbox (badness 10000) in paragraph at lines 347--348

 []

[17]
Underfull \hbox (badness 10000) in paragraph at lines 351--353

 []


Underfull \hbox (badness 10000) in paragraph at lines 359--362

 []


Underfull \hbox (badness 10000) in paragraph at lines 363--364

 []


Underfull \hbox (badness 10000) in paragraph at lines 365--366

 []


Underfull \hbox (badness 10000) in paragraph at lines 367--369

 []

[18]
Underfull \hbox (badness 10000) in paragraph at lines 377--378

 []


Underfull \hbox (badness 10000) in paragraph at lines 379--380

 []


Underfull \hbox (badness 10000) in paragraph at lines 381--382

 []


Underfull \hbox (badness 10000) in paragraph at lines 386--387

 []

<pythonImage.png, id=463, 254.9525pt x 63.23625pt>
File: pythonImage.png Graphic file (type png)
<use pythonImage.png>
Package pdftex.def Info: pythonImage.png  used on input line 389.
(pdftex.def)             Requested size: 91.04742pt x 22.58266pt.

Underfull \hbox (badness 10000) in paragraph at lines 392--393

 []

[19 <./pythonImage.png>]
Underfull \hbox (badness 10000) in paragraph at lines 394--395

 []

<testPython.png, id=483, 635.37375pt x 92.345pt>
File: testPython.png Graphic file (type png)
<use testPython.png>
Package pdftex.def Info: testPython.png  used on input line 410.
(pdftex.def)             Requested size: 455.24411pt x 66.16707pt.
LaTeX Font Info:    Trying to load font information for OMS+cmtt on input line 
418.
LaTeX Font Info:    No file OMScmtt.fd. on input line 418.

LaTeX Font Warning: Font shape `OMS/cmtt/m/n' undefined
(Font)              using `OMS/cmsy/m/n' instead
(Font)              for symbol `textbackslash' on input line 418.

<installDjango.png, id=486, 907.39pt x 59.22125pt>
File: installDjango.png Graphic file (type png)
<use installDjango.png>
Package pdftex.def Info: installDjango.png  used on input line 426.
(pdftex.def)             Requested size: 455.24411pt x 29.71175pt.
<visualStudio.png, id=488, 1367.1075pt x 597.23125pt>
File: visualStudio.png Graphic file (type png)
<use visualStudio.png>
Package pdftex.def Info: visualStudio.png  used on input line 434.
(pdftex.def)             Requested size: 455.24411pt x 198.87306pt.
[20 <./testPython.png>]
<appInstallName.png, id=506, 831.105pt x 178.6675pt>
File: appInstallName.png Graphic file (type png)
<use appInstallName.png>
Package pdftex.def Info: appInstallName.png  used on input line 446.
(pdftex.def)             Requested size: 455.24496pt x 99.5842pt.
 [21 <./installDjango.png> <./visualStudio.png>]
Underfull \hbox (badness 2326) in paragraph at lines 454--454
[][][]\OT1/cmr/m/n/10 Setting Databases in Django : []$\OT1/cmtt/m/n/10 https :
 / / docs . djangoproject . com / fr / 4 . 2 / ref / databases /
 []

LaTeX Font Info:    Trying to load font information for TS1+cmtt on input line 
457.
(/usr/share/texlive/texmf-dist/tex/latex/base/ts1cmtt.fd
File: ts1cmtt.fd 2019/12/16 v2.5j Standard LaTeX font definitions
) [22 <./appInstallName.png>]
Underfull \hbox (badness 10000) in paragraph at lines 484--485

 []

[23]
Underfull \hbox (badness 10000) in paragraph at lines 514--515

 []

[24]
<jupyterOpen.png, id=627, 1357.07pt x 323.2075pt>
File: jupyterOpen.png Graphic file (type png)
<use jupyterOpen.png>
Package pdftex.def Info: jupyterOpen.png  used on input line 568.
(pdftex.def)             Requested size: 455.24411pt x 108.41943pt.
 [25 <./jupyterOpen.png>]
Underfull \hbox (badness 10000) in paragraph at lines 604--605

 []

[26]
Underfull \hbox (badness 10000) in paragraph at lines 650--652

 []

[27]
Underfull \hbox (badness 10000) in paragraph at lines 675--676

 []

<demoDataFrame.png, id=713, 1119.18124pt x 227.85126pt>
File: demoDataFrame.png Graphic file (type png)
<use demoDataFrame.png>
Package pdftex.def Info: demoDataFrame.png  used on input line 677.
(pdftex.def)             Requested size: 455.24689pt x 105.27524pt.

Underfull \hbox (badness 10000) in paragraph at lines 677--679

 []


Underfull \hbox (badness 10000) in paragraph at lines 709--710

 []

[28 <./demoDataFrame.png>]
Overfull \hbox (6.55533pt too wide) in paragraph at lines 711--712
[]\OT1/cmr/bx/n/12 - Data Clean-ing. \OT1/cmr/m/n/12 Pan-das uses sev-eral func
-tions, among them we have drop[]duplicates(),
 []

[29] [30] [31]
<matplotLibExample.png, id=882, 1076.1003pt x 354.123pt>
File: matplotLibExample.png Graphic file (type png)
<use matplotLibExample.png>
Package pdftex.def Info: matplotLibExample.png  used on input line 869.
(pdftex.def)             Requested size: 455.24411pt x 149.81133pt.
<3Ddimension.png, id=884, 296.307pt x 285.4665pt>
File: 3Ddimension.png Graphic file (type png)
<use 3Ddimension.png>
Package pdftex.def Info: 3Ddimension.png  used on input line 899.
(pdftex.def)             Requested size: 318.66948pt x 307.03601pt.
 [32 <./matplotLibExample.png>]
Underfull \hbox (badness 3557) in paragraph at lines 918--920
\OT1/cmr/m/n/12 Example: Show-ing the com-po-si-tion of
 []

[33 <./3Ddimension.png>] [34] [35]
Underfull \hbox (badness 10000) in paragraph at lines 1051--1052

 []

<../../../Books/Report/MLopsDisciplines.png, id=986, 557.08125pt x 431.6125pt>
File: ../../../Books/Report/MLopsDisciplines.png Graphic file (type png)
<use ../../../Books/Report/MLopsDisciplines.png>
Package pdftex.def Info: ../../../Books/Report/MLopsDisciplines.png  used on in
put line 1059.
(pdftex.def)             Requested size: 455.24411pt x 352.71931pt.
[36]

LaTeX Warning: `!h' float specifier changed to `!ht'.


Underfull \hbox (badness 10000) in paragraph at lines 1064--1066

 []

<ml-engineeringInspiration.jpg, id=1002, 2742.245pt x 2055.68pt>
File: ml-engineeringInspiration.jpg Graphic file (type jpg)
<use ml-engineeringInspiration.jpg>
Package pdftex.def Info: ml-engineeringInspiration.jpg  used on input line 1079
.
(pdftex.def)             Requested size: 455.24411pt x 341.2428pt.

LaTeX Warning: `!h' float specifier changed to `!ht'.

[37] [38 <../../../Books/Report/MLopsDisciplines.png>] [39 <./ml-engineeringIns
piration.jpg>] [40]
Underfull \hbox (badness 10000) in paragraph at lines 1137--1139

 []


Underfull \hbox (badness 10000) in paragraph at lines 1152--1153
[]|\OT1/cmr/m/n/12 Predict con-tin-u-ous nu-mer-i-cal
 []


Underfull \hbox (badness 10000) in paragraph at lines 1157--1157
[]|\OT1/cmr/m/n/12 Object De-tec-
 []


Underfull \hbox (badness 10000) in paragraph at lines 1160--1160
[]|\OT1/cmr/m/n/12 Natural Lan-
 []


Underfull \hbox (badness 10000) in paragraph at lines 1160--1160
\OT1/cmr/m/n/12 guage Pro-cess-
 []


Underfull \hbox (badness 10000) in paragraph at lines 1163--1163
[]|\OT1/cmr/m/n/12 Time se-ries
 []


Underfull \hbox (badness 10000) in paragraph at lines 1163--1163
[]|\OT1/cmr/m/n/12 ARIMA(Autoregressive In-
 []


Underfull \hbox (badness 10000) in paragraph at lines 1163--1163
\OT1/cmr/m/n/12 te-gral Mov-ing av-er-age),
 []


Underfull \hbox (badness 1603) in paragraph at lines 1163--1163
\OT1/cmr/m/n/12 ods, Sea-sonal De-com-po-si-tion
 []


Underfull \hbox (badness 10000) in paragraph at lines 1167--1168
[]|\OT1/cmr/m/n/12 Learn hi-er-ar-chi-cal rep-re-sen-
 []


Underfull \hbox (badness 5817) in paragraph at lines 1167--1168
\OT1/cmr/m/n/12 ta-tions from data, for deep
 []

[41]
Underfull \hbox (badness 10000) in paragraph at lines 1182--1183

 []


Underfull \hbox (badness 10000) in paragraph at lines 1205--1205
[]|\OT1/cmr/m/n/12 Dimension
 []


Underfull \hbox (badness 10000) in paragraph at lines 1205--1205
[]|\OT1/cmr/m/n/12 PCA(Principal Com-po-nent
 []


Underfull \hbox (badness 10000) in paragraph at lines 1205--1205
\OT1/cmr/m/n/12 Anal-y-sis), t-Distributed
 []


Underfull \hbox (badness 3291) in paragraph at lines 1205--1205
\OT1/cmr/m/n/12 Stochas-tic Neigh-bor Em-bed-
 []


Underfull \hbox (badness 10000) in paragraph at lines 1205--1206
[]|\OT1/cmr/m/n/12 Reduce the num-ber of fea-
 []


Underfull \hbox (badness 1694) in paragraph at lines 1205--1206
\OT1/cmr/m/n/12 tures(dimensions) in a dataset
 []


Underfull \hbox (badness 10000) in paragraph at lines 1208--1208
\OT1/cmr/m/n/12 tion), Non-Negative Ma-tric
 []


Underfull \hbox (badness 10000) in paragraph at lines 1212--1212
[]|\OT1/cmr/m/n/12 Data com-pres-
 []


Underfull \hbox (badness 1082) in paragraph at lines 1212--1213
[]|\OT1/cmr/m/n/12 Preprocess daat to make data
 []


LaTeX Warning: `h' float specifier changed to `ht'.


Underfull \hbox (badness 10000) in paragraph at lines 1230--1232

 []

[42]
Underfull \hbox (badness 10000) in paragraph at lines 1241--1241
[]|\OT1/cmr/bx/n/12 Actual Pos-i-
 []


Underfull \hbox (badness 10000) in paragraph at lines 1243--1243
[]|\OT1/cmr/m/n/12 True Neg-a-tives
 []


Underfull \hbox (badness 3503) in paragraph at lines 1243--1243
[]|\OT1/cmr/m/n/12 False Neg-a-tives
 []


Underfull \hbox (badness 4492) in paragraph at lines 1245--1245
[]|\OT1/cmr/m/n/12 Predicted Pos-i-
 []


Underfull \hbox (badness 10000) in paragraph at lines 1245--1245
[]|\OT1/cmr/m/n/12 False Pos-i-tives
 []


Underfull \hbox (badness 10000) in paragraph at lines 1245--1245
[]|\OT1/cmr/m/n/12 True Pos-i-tives
 []


Underfull \hbox (badness 6316) in paragraph at lines 1247--1247
[]|\OT1/cmr/m/n/12 Total of Pos-i-
 []


Overfull \hbox (7.3208pt too wide) in paragraph at lines 1237--1250
 [][] 
 []


LaTeX Warning: Command \textasciidieresis invalid in math mode on input line 12
61.


LaTeX Warning: Command \textasciidieresis invalid in math mode on input line 12
61.

Missing character: There is no ¨ in font cmr12!
[43]
Underfull \hbox (badness 10000) in paragraph at lines 1278--1279

 []


Underfull \hbox (badness 10000) in paragraph at lines 1299--1300

 []

[44]
Overfull \hbox (11.89142pt too wide) in paragraph at lines 1313--1314
[]\OT1/cmr/m/n/12 Since two main types of cat-e-gory are no-table in anal-y-sis
 which are : cat-e-gor-i-cal(qualitative)
 []

[45] [46] [47] [48] [49] [50]
Chapter 3.
[51

] (./introductionChap2.bbl [52

] [53] [54] [55] [56]
Underfull \hbox (badness 1248) in paragraph at lines 437--441
[]\OT1/cmr/m/n/12 Houshmand Shirani-Mehr.  Sms spam de-tec-tion us-ing ma-chine
 learn-ing ap-
 []


Underfull \hbox (badness 3872) in paragraph at lines 437--441
\OT1/cmr/m/n/12 proach.  \OT1/cmr/m/it/12 un-pub-lished) http://cs229. stan-for
d. edu/proj2013/Shir ani-Meh r-
 []

[57]) [58]
Package atveryend Info: Empty hook `BeforeClearDocument' on input line 1452.
Package atveryend Info: Empty hook `AfterLastShipout' on input line 1452.
 (./introductionChap2.aux)
Package atveryend Info: Executing hook `AtVeryEndDocument' on input line 1452.
Package atveryend Info: Executing hook `AtEndAfterFileList' on input line 1452.

Package rerunfilecheck Info: File `introductionChap2.out' has not changed.
(rerunfilecheck)             Checksum: 1C677519EE6140D1B3F151017E8FBA55;3083.


LaTeX Font Warning: Some font shapes were not available, defaults substituted.

Package atveryend Info: Empty hook `AtVeryVeryEnd' on input line 1452.
 ) 
Here is how much of TeX's memory you used:
 15664 strings out of 481239
 250883 string characters out of 5920378
 939285 words of memory out of 5000000
 30011 multiletter control sequences out of 15000+600000
 545250 words of font info for 68 fonts, out of 8000000 for 9000
 1141 hyphenation exceptions out of 8191
 41i,13n,44p,1695b,2008s stack positions out of 5000i,500n,10000p,200000b,80000s
{/usr/share/texmf/fonts/enc/dvips/cm-super/cm-super-ts1.enc}</usr/share/texli
ve/texmf-dist/fonts/type1/public/amsfonts/cm/cmbx10.pfb></usr/share/texlive/tex
mf-dist/fonts/type1/public/amsfonts/cm/cmbx12.pfb></usr/share/texlive/texmf-dis
t/fonts/type1/public/amsfonts/cm/cmbxti10.pfb></usr/share/texlive/texmf-dist/fo
nts/type1/public/amsfonts/cm/cmex10.pfb></usr/share/texlive/texmf-dist/fonts/ty
pe1/public/amsfonts/cm/cmmi12.pfb></usr/share/texlive/texmf-dist/fonts/type1/pu
blic/amsfonts/cm/cmmi8.pfb></usr/share/texlive/texmf-dist/fonts/type1/public/am
sfonts/cm/cmr10.pfb></usr/share/texlive/texmf-dist/fonts/type1/public/amsfonts/
cm/cmr12.pfb></usr/share/texlive/texmf-dist/fonts/type1/public/amsfonts/cm/cmr1
7.pfb></usr/share/texlive/texmf-dist/fonts/type1/public/amsfonts/cm/cmr6.pfb></
usr/share/texlive/texmf-dist/fonts/type1/public/amsfonts/cm/cmr7.pfb></usr/shar
e/texlive/texmf-dist/fonts/type1/public/amsfonts/cm/cmr8.pfb></usr/share/texliv
e/texmf-dist/fonts/type1/public/amsfonts/cm/cmsy10.pfb></usr/share/texlive/texm
f-dist/fonts/type1/public/amsfonts/cm/cmsy8.pfb></usr/share/texlive/texmf-dist/
fonts/type1/public/amsfonts/cm/cmti10.pfb></usr/share/texlive/texmf-dist/fonts/
type1/public/amsfonts/cm/cmti12.pfb></usr/share/texlive/texmf-dist/fonts/type1/
public/amsfonts/cm/cmtt10.pfb></usr/share/texlive/texmf-dist/fonts/type1/public
/amsfonts/cm/cmtt12.pfb></usr/share/texmf/fonts/type1/public/cm-super/sfbx1200.
pfb></usr/share/texmf/fonts/type1/public/cm-super/sfrm1000.pfb></usr/share/texm
f/fonts/type1/public/cm-super/sfrm1200.pfb></usr/share/texmf/fonts/type1/public
/cm-super/sftt1200.pfb>
Output written on introductionChap2.pdf (59 pages, 1709855 bytes).
PDF statistics:
 1449 PDF objects out of 1728 (max. 8388607)
 1326 compressed objects within 14 object streams
 638 named destinations out of 1000 (max. 500000)
 399 words of extra memory for PDF output out of 10000 (max. 10000000)

