\BOOKMARK [0][-]{chapter*.2}{Epigraph}{}% 1
\BOOKMARK [0][-]{chapter*.3}{In memoriam}{}% 2
\BOOKMARK [0][-]{chapter*.4}{Dedicated}{}% 3
\BOOKMARK [0][-]{chapter*.5}{Remerciements}{}% 4
\BOOKMARK [0][-]{chapter*.6}{R\351sum\351 ex\351cutif}{}% 5
\BOOKMARK [0][-]{chapter*.10}{Introduction}{}% 6
\BOOKMARK [1][-]{section.0.1}{Context and generalities}{chapter*.10}% 7
\BOOKMARK [1][-]{section.0.2}{Problematic}{chapter*.10}% 8
\BOOKMARK [1][-]{section.0.3}{Hypotheses}{chapter*.10}% 9
\BOOKMARK [1][-]{section.0.4}{Delimitation and objectives}{chapter*.10}% 10
\BOOKMARK [2][-]{subsection.0.4.1}{Delimitation}{section.0.4}% 11
\BOOKMARK [2][-]{subsection.0.4.2}{Objectives}{section.0.4}% 12
\BOOKMARK [1][-]{section.0.5}{Interest}{chapter*.10}% 13
\BOOKMARK [1][-]{section.0.6}{Research Methodology}{chapter*.10}% 14
\BOOKMARK [1][-]{section.0.7}{Work Plan \(or Work Subdivision\)}{chapter*.10}% 15
\BOOKMARK [0][-]{chapter.1}{Situation analysis and assessment on mobile phones}{}% 16
\BOOKMARK [1][-]{section.1.1}{Introduction}{chapter.1}% 17
\BOOKMARK [1][-]{section.1.2}{Presentation of the working framework and definition of key concepts}{chapter.1}% 18
\BOOKMARK [2][-]{subsection.1.2.1}{Definition of key concepts}{section.1.2}% 19
\BOOKMARK [2][-]{subsection.1.2.2}{Presentation of the working framework}{section.1.2}% 20
\BOOKMARK [2][-]{subsection.1.2.3}{Network coverage and infrastructure}{section.1.2}% 21
\BOOKMARK [2][-]{subsection.1.2.4}{Mobile Phone Models}{section.1.2}% 22
\BOOKMARK [2][-]{subsection.1.2.5}{Mobile usage and prevalence}{section.1.2}% 23
\BOOKMARK [1][-]{section.1.3}{Purposes of spammers in mobile messages}{chapter.1}% 24
\BOOKMARK [1][-]{section.1.4}{Solutions}{chapter.1}% 25
\BOOKMARK [1][-]{section.1.5}{Summary}{chapter.1}% 26
\BOOKMARK [0][-]{chapter.2}{Review of the Literature and description of the approach}{}% 27
\BOOKMARK [1][-]{section.2.1}{Introduction}{chapter.2}% 28
\BOOKMARK [1][-]{section.2.2}{Revue of the Literature}{chapter.2}% 29
\BOOKMARK [1][-]{section.2.3}{Tools and Techniques}{chapter.2}% 30
\BOOKMARK [2][-]{subsection.2.3.1}{Messaging application development tools}{section.2.3}% 31
\BOOKMARK [2][-]{subsection.2.3.2}{Machine Learning tools and frameworks}{section.2.3}% 32
\BOOKMARK [2][-]{subsection.2.3.3}{Summary concerning the tools and frameworks}{section.2.3}% 33
\BOOKMARK [1][-]{section.2.4}{Description of the methodology and approach}{chapter.2}% 34
\BOOKMARK [2][-]{subsection.2.4.1}{ML operating systems}{section.2.4}% 35
\BOOKMARK [2][-]{subsection.2.4.2}{Definition of the object and specification}{section.2.4}% 36
\BOOKMARK [2][-]{subsection.2.4.3}{Gathering data}{section.2.4}% 37
\BOOKMARK [2][-]{subsection.2.4.4}{Data preparation and exploratory}{section.2.4}% 38
\BOOKMARK [2][-]{subsection.2.4.5}{Model training and selection}{section.2.4}% 39
\BOOKMARK [2][-]{subsection.2.4.6}{Model Evaluation}{section.2.4}% 40
\BOOKMARK [2][-]{subsection.2.4.7}{Model Deployment and monitoring}{section.2.4}% 41
\BOOKMARK [1][-]{section.2.5}{ML Algorithms and Scikit-learn}{chapter.2}% 42
\BOOKMARK [2][-]{subsection.2.5.1}{Predict Qualitative feature}{section.2.5}% 43
\BOOKMARK [2][-]{subsection.2.5.2}{Predict quantitative feature}{section.2.5}% 44
\BOOKMARK [1][-]{section.2.6}{Techniques used for optimizing the model}{chapter.2}% 45
\BOOKMARK [1][-]{section.2.7}{Summary}{chapter.2}% 46
\BOOKMARK [0][-]{chapter.3}{Application of the methodology and results with analysis}{}% 47
\BOOKMARK [1][-]{section.3.1}{Introduction}{chapter.3}% 48
\BOOKMARK [1][-]{section.3.2}{Participants}{chapter.3}% 49
\BOOKMARK [2][-]{subsection.3.2.1}{Survey participants}{section.3.2}% 50
\BOOKMARK [2][-]{subsection.3.2.2}{Team work structure}{section.3.2}% 51
\BOOKMARK [1][-]{section.3.3}{Data collection strategy }{chapter.3}% 52
\BOOKMARK [1][-]{section.3.4}{Application of the methodology}{chapter.3}% 53
\BOOKMARK [2][-]{subsection.3.4.1}{Gathering data}{section.3.4}% 54
\BOOKMARK [0][-]{appendix*.60}{Annexes}{}% 55
\BOOKMARK [1][-]{section.Alph0.1}{Collect message spams}{appendix*.60}% 56
